<?xml version="1.0" encoding="UTF-8"?>
<!-- Generated by org.testng.reporters.JUnitXMLReporter -->
<testsuite ignored="2" hostname="DESKTOP-7IIBLIB" failures="0" tests="4" name="Best Buy" time="14.876" errors="0" timestamp="2024-01-16T13:17:01 IST">
  <testcase classname="pages.BBloginpage" name="logindetails" time="0.0">
    <skipped/>
  </testcase> <!-- logindetails -->
  <testcase classname="pages.BBValidationMethods" name="incrtlogin" time="0.0">
    <skipped/>
  </testcase> <!-- incrtlogin -->
  <testcase classname="pages.BBValidationMethods" name="zipcode" time="0.0">
    <skipped/>
  </testcase> <!-- zipcode -->
  <testcase classname="pages.BBloginpage" name="logindetails" time="0.0">
    <skipped/>
  </testcase> <!-- logindetails -->
  <testcase classname="engine.BBpagemethods" name="@BeforeSuite beforesuite" time="0.0">
    <ignored/>
  </testcase> <!-- @BeforeSuite beforesuite -->
  <testcase classname="engine.BBpagemethods" name="@BeforeSuite beforesuite" time="0.0">
    <ignored/>
  </testcase> <!-- @BeforeSuite beforesuite -->
</testsuite> <!-- Best Buy -->
